13:16:37.440 INFO  - Processing command line option -hwspec C:/xup/embedded/labs/lab1/lab1.sdk/SDK/SDK_Export/hw/system.xml. 
13:23:13.086 INFO  - Processor reset is completed for ps7_cortexa9_0 
13:23:13.195 INFO  - PS initialization will be done as it is not done before. 
13:23:13.195 INFO  - Running PS initialization.... 
13:23:13.507 INFO  - ps7_init is completed. 
13:23:13.617 INFO  - PS Initialization is complete. 
13:25:51.725 ERROR - Unexpected error while parsing XMD response ?: com.google.gson.JsonSyntaxException: com.google.gson.stream.MalformedJsonException: invalid number or unquoted string near  
13:04:42.724 INFO  - Processing command line option -hwspec C:/Users/ecnu/labs/lab2cx/lab2cx.sdk/SDK/SDK_Export/hw/system.xml. 
13:04:42.924 INFO  - The hardware specification for project 'hw_platform_0' is different from C:/Users/ecnu/labs/lab2cx/lab2cx.sdk/SDK/SDK_Export/hw/system.xml. 
13:04:42.982 INFO  - Copied contents of C:/Users/ecnu/labs/lab2cx/lab2cx.sdk/SDK/SDK_Export/hw/system.xml into \hw_platform_0\system.xml. 
13:04:43.005 INFO  - Copied contents of C:\Users\ecnu\labs\lab2cx\lab2cx.sdk\SDK\SDK_Export\hw\system_wrapper.bit into \hw_platform_0\system.bit. 
13:04:47.572 INFO  - Copied contents of C:\Users\ecnu\labs\lab2cx\lab2cx.sdk\SDK\SDK_Export\hw\ps7_init.c into \hw_platform_0\ps7_init.c. 
13:04:47.577 INFO  - Copied contents of C:\Users\ecnu\labs\lab2cx\lab2cx.sdk\SDK\SDK_Export\hw\ps7_init.h into \hw_platform_0\ps7_init.h. 
13:04:47.588 INFO  - Copied contents of C:\Users\ecnu\labs\lab2cx\lab2cx.sdk\SDK\SDK_Export\hw\ps7_init.html into \hw_platform_0\ps7_init.html. 
13:04:47.592 INFO  - Copied contents of C:\Users\ecnu\labs\lab2cx\lab2cx.sdk\SDK\SDK_Export\hw\ps7_summary.html into \hw_platform_0\ps7_summary.html. 
13:04:47.596 INFO  - Copied contents of C:\Users\ecnu\labs\lab2cx\lab2cx.sdk\SDK\SDK_Export\hw\ps7_init.tcl into \hw_platform_0\ps7_init.tcl. 
13:04:47.924 INFO  - Synchronizing projects in the workspace with the hardware platform specification changes. 
13:04:49.782 INFO  - Updating MSS for Board Support Package Project: mem_test_bsp.
		 The following new driver assignments were made:
			Peripheral Instance: btns_4bit, driver: gpio_v3_01_a.
			Peripheral Instance: sw_4bit, driver: gpio_v3_01_a.
 
13:04:50.606 INFO  - Updating hardware inferred compiler options for mem_test. 
13:04:50.612 INFO  - Clearing existing target manager status. 
13:04:53.402 INFO  - Closing and re-opening the MSS file of ther project mem_test_bsp 
13:04:55.748 INFO  - Workspace synchronized with the new hardware specification file. Cleaning dependent projects... 
13:12:37.615 INFO  - FPGA configured successfully with bitstream "C:/Users/ecnu/labs/lab2cx/lab2cx.sdk/SDK/SDK_Export/hw_platform_0/system.bit" 
13:13:07.561 INFO  - Processor reset is completed for ps7_cortexa9_0 
13:13:07.561 INFO  - Processor reset is completed for ps7_cortexa9_0 
13:13:07.661 INFO  - PS initialization will be done as it is not done before. 
13:13:07.661 INFO  - PS initialization will be done as it is not done before. 
13:13:07.661 INFO  - Running PS initialization.... 
13:13:07.661 INFO  - Running PS initialization.... 
13:13:08.210 INFO  - ps7_init is completed. 
13:13:08.310 INFO  - ps7_post_config is completed. 
13:13:08.410 INFO  - PS Initialization is complete. 
13:14:07.664 INFO  - Time out for XMD transaction is 60000
If you want to increase the timeout value, goto Windows-> Preferences -> Xilinx SDK -> XMD Startup 
13:14:07.664 ERROR - Timeout occured while waiting to get reply for command "ps7_init" 
13:14:07.665 ERROR - Unexpected error while launching program. java.lang.RuntimeException: Error while running ps7_init method.

	at com.xilinx.sdk.targetmanager.internal.TM.run_ps7_init(Unknown Source)
	at com.xilinx.sdk.targetmanager.internal.TM.runPs7Init(Unknown Source)

13:14:46.877 INFO  - ps7_cortexa9_0 Processor is in use. Please stop existing Run or Debug sessions before launching. 
13:14:56.674 ERROR - Unexpected error while launching program. java.lang.RuntimeException: No Active System

	at com.xilinx.sdk.targetmanager.internal.TM.stop(Unknown Source)
	at com.xilinx.sdk.targetmanager.internal.CPURunSession.terminate(Unknown Source)

13:16:03.955 INFO  - ps7_cortexa9_0 Processor is in use. Please stop existing Run or Debug sessions before launching. 
13:16:22.631 INFO  - ps7_cortexa9_0 Processor is in use. Please stop existing Run or Debug sessions before launching. 
13:16:26.130 ERROR - Unexpected error while launching program. java.lang.RuntimeException: No Active System

	at com.xilinx.sdk.targetmanager.internal.TM.stop(Unknown Source)
	at com.xilinx.sdk.targetmanager.internal.CPURunSession.terminate(Unknown Source)

13:16:47.962 INFO  - ps7_cortexa9_0 Processor is in use. Please stop existing Run or Debug sessions before launching. 
13:19:09.024 INFO  - ps7_cortexa9_0 Processor is in use. Please stop existing Run or Debug sessions before launching. 
13:19:12.922 ERROR - Unexpected error while launching program. java.lang.RuntimeException: No Active System

	at com.xilinx.sdk.targetmanager.internal.TM.stop(Unknown Source)
	at com.xilinx.sdk.targetmanager.internal.CPURunSession.terminate(Unknown Source)

13:19:51.282 INFO  - FPGA configured successfully with bitstream "C:/Users/ecnu/labs/lab2cx/lab2cx.sdk/SDK/SDK_Export/hw_platform_0/system.bit" 
13:20:20.504 INFO  - ps7_cortexa9_0 Processor is in use. Please stop existing Run or Debug sessions before launching. 
13:20:46.965 ERROR - Unexpected error while launching program. java.lang.RuntimeException: No Active System

	at com.xilinx.sdk.targetmanager.internal.TM.stop(Unknown Source)
	at com.xilinx.sdk.targetmanager.internal.CPURunSession.terminate(Unknown Source)

13:22:36.584 ERROR - Unexpected error while parsing XMD response ?: com.google.gson.JsonSyntaxException: com.google.gson.stream.MalformedJsonException: invalid number or unquoted string near  
